2025-11-08 22:11:37 [TP15] [main] INFO  m.e.t.Tp15MonitoringApplication - Starting Tp15MonitoringApplication using Java 21.0.7 with PID 37692 (C:\Users\user\Desktop\tp15-monitoring\tp15-monitoring\target\classes started by user in C:\Users\user\Desktop\tp15-monitoring)
2025-11-08 22:11:37 [TP15] [main] DEBUG m.e.t.Tp15MonitoringApplication - Running with Spring Boot v3.5.7, Spring v6.2.12
2025-11-08 22:11:37 [TP15] [main] INFO  m.e.t.Tp15MonitoringApplication - No active profile set, falling back to 1 default profile: "default"
2025-11-08 22:11:38 [TP15] [main] INFO  o.s.b.w.e.tomcat.TomcatWebServer - Tomcat initialized with port 8080 (http)
2025-11-08 22:11:38 [TP15] [main] INFO  o.a.catalina.core.StandardService - Starting service [Tomcat]
2025-11-08 22:11:38 [TP15] [main] INFO  o.a.catalina.core.StandardEngine - Starting Servlet engine: [Apache Tomcat/10.1.48]
2025-11-08 22:11:38 [TP15] [main] INFO  o.a.c.c.C.[Tomcat].[localhost].[/] - Initializing Spring embedded WebApplicationContext
2025-11-08 22:11:38 [TP15] [main] INFO  o.s.b.w.s.c.ServletWebServerApplicationContext - Root WebApplicationContext: initialization completed in 1008 ms
2025-11-08 22:11:39 [TP15] [main] INFO  o.s.b.a.e.web.EndpointLinksResolver - Exposing 15 endpoints beneath base path '/actuator'
2025-11-08 22:11:39 [TP15] [main] INFO  o.s.b.w.e.tomcat.TomcatWebServer - Tomcat started on port 8080 (http) with context path '/'
2025-11-08 22:11:39 [TP15] [main] INFO  m.e.t.Tp15MonitoringApplication - Started Tp15MonitoringApplication in 2.358 seconds (process running for 3.738)
2025-11-08 22:11:39 [TP15] [RMI TCP Connection(1)-192.168.1.3] INFO  o.a.c.c.C.[Tomcat].[localhost].[/] - Initializing Spring DispatcherServlet 'dispatcherServlet'
2025-11-08 22:11:39 [TP15] [RMI TCP Connection(1)-192.168.1.3] INFO  o.s.web.servlet.DispatcherServlet - Initializing Servlet 'dispatcherServlet'
2025-11-08 22:11:39 [TP15] [RMI TCP Connection(1)-192.168.1.3] INFO  o.s.web.servlet.DispatcherServlet - Completed initialization in 1 ms
2025-11-08 22:11:47 [TP15] [http-nio-8080-exec-1] INFO  m.e.t.service.DemoService - TP15 - Démarrage du traitement des données
2025-11-08 22:11:48 [TP15] [http-nio-8080-exec-1] INFO  m.e.t.service.DemoService - TP15 - Traitement terminé avec succès
2025-11-08 22:20:17 [TP15] [SpringApplicationShutdownHook] INFO  o.s.b.w.e.tomcat.GracefulShutdown - Commencing graceful shutdown. Waiting for active requests to complete
2025-11-08 22:20:17 [TP15] [tomcat-shutdown] INFO  o.s.b.w.e.tomcat.GracefulShutdown - Graceful shutdown complete
2025-11-08 22:22:07 [TP15] [main] INFO  m.e.t.Tp15MonitoringApplication - Starting Tp15MonitoringApplication using Java 21.0.7 with PID 26444 (C:\Users\user\Desktop\tp15-monitoring\target\classes started by user in C:\Users\user\Desktop\tp15-monitoring)
2025-11-08 22:22:07 [TP15] [main] DEBUG m.e.t.Tp15MonitoringApplication - Running with Spring Boot v3.5.7, Spring v6.2.12
2025-11-08 22:22:07 [TP15] [main] INFO  m.e.t.Tp15MonitoringApplication - No active profile set, falling back to 1 default profile: "default"
2025-11-08 22:22:09 [TP15] [main] INFO  o.s.b.w.e.tomcat.TomcatWebServer - Tomcat initialized with port 8080 (http)
2025-11-08 22:22:09 [TP15] [main] INFO  o.a.catalina.core.StandardService - Starting service [Tomcat]
2025-11-08 22:22:09 [TP15] [main] INFO  o.a.catalina.core.StandardEngine - Starting Servlet engine: [Apache Tomcat/10.1.48]
2025-11-08 22:22:09 [TP15] [main] INFO  o.a.c.c.C.[Tomcat].[localhost].[/] - Initializing Spring embedded WebApplicationContext
2025-11-08 22:22:09 [TP15] [main] INFO  o.s.b.w.s.c.ServletWebServerApplicationContext - Root WebApplicationContext: initialization completed in 1516 ms
2025-11-08 22:22:09 [TP15] [main] INFO  o.s.b.a.e.web.EndpointLinksResolver - Exposing 15 endpoints beneath base path '/actuator'
2025-11-08 22:22:10 [TP15] [main] INFO  o.s.b.w.e.tomcat.TomcatWebServer - Tomcat started on port 8080 (http) with context path '/'
2025-11-08 22:22:10 [TP15] [main] INFO  m.e.t.Tp15MonitoringApplication - Started Tp15MonitoringApplication in 3.234 seconds (process running for 4.082)
2025-11-08 22:22:10 [TP15] [RMI TCP Connection(2)-192.168.1.3] INFO  o.a.c.c.C.[Tomcat].[localhost].[/] - Initializing Spring DispatcherServlet 'dispatcherServlet'
2025-11-08 22:22:10 [TP15] [RMI TCP Connection(2)-192.168.1.3] INFO  o.s.web.servlet.DispatcherServlet - Initializing Servlet 'dispatcherServlet'
2025-11-08 22:22:10 [TP15] [RMI TCP Connection(2)-192.168.1.3] INFO  o.s.web.servlet.DispatcherServlet - Completed initialization in 2 ms
2025-11-08 22:22:17 [TP15] [http-nio-8080-exec-1] INFO  m.e.t.service.DemoService - TP15 - Démarrage du traitement des données
2025-11-08 22:22:17 [TP15] [http-nio-8080-exec-1] INFO  m.e.t.service.DemoService - TP15 - Traitement terminé avec succès
2025-11-08 23:20:31 [TP15] [http-nio-8080-exec-9] INFO  m.e.t.service.DemoService - TP15 - Démarrage du traitement des données
2025-11-08 23:20:31 [TP15] [http-nio-8080-exec-9] INFO  m.e.t.service.DemoService - TP15 - Traitement terminé avec succès
2025-11-08 23:20:34 [TP15] [http-nio-8080-exec-2] INFO  m.e.t.service.DemoService - TP15 - Démarrage du traitement des données
2025-11-08 23:20:34 [TP15] [http-nio-8080-exec-2] INFO  m.e.t.service.DemoService - TP15 - Traitement terminé avec succès
2025-11-08 23:20:36 [TP15] [http-nio-8080-exec-7] INFO  m.e.t.service.DemoService - TP15 - Démarrage du traitement des données
2025-11-08 23:20:37 [TP15] [http-nio-8080-exec-7] INFO  m.e.t.service.DemoService - TP15 - Traitement terminé avec succès
2025-11-08 23:20:39 [TP15] [http-nio-8080-exec-10] INFO  m.e.t.service.DemoService - TP15 - Démarrage du traitement des données
2025-11-08 23:20:39 [TP15] [http-nio-8080-exec-10] INFO  m.e.t.service.DemoService - TP15 - Traitement terminé avec succès
2025-11-08 23:20:42 [TP15] [http-nio-8080-exec-4] INFO  m.e.t.service.DemoService - TP15 - Démarrage du traitement des données
2025-11-08 23:20:42 [TP15] [http-nio-8080-exec-4] INFO  m.e.t.service.DemoService - TP15 - Traitement terminé avec succès
2025-11-08 23:20:44 [TP15] [http-nio-8080-exec-3] INFO  m.e.t.service.DemoService - TP15 - Démarrage du traitement des données
2025-11-08 23:20:44 [TP15] [http-nio-8080-exec-3] INFO  m.e.t.service.DemoService - TP15 - Traitement terminé avec succès
2025-11-08 23:20:47 [TP15] [http-nio-8080-exec-5] INFO  m.e.t.service.DemoService - TP15 - Démarrage du traitement des données
2025-11-08 23:20:47 [TP15] [http-nio-8080-exec-5] INFO  m.e.t.service.DemoService - TP15 - Traitement terminé avec succès
2025-11-08 23:20:49 [TP15] [http-nio-8080-exec-6] INFO  m.e.t.service.DemoService - TP15 - Démarrage du traitement des données
2025-11-08 23:20:49 [TP15] [http-nio-8080-exec-6] INFO  m.e.t.service.DemoService - TP15 - Traitement terminé avec succès
2025-11-08 23:20:52 [TP15] [http-nio-8080-exec-1] INFO  m.e.t.service.DemoService - TP15 - Démarrage du traitement des données
2025-11-08 23:20:52 [TP15] [http-nio-8080-exec-1] INFO  m.e.t.service.DemoService - TP15 - Traitement terminé avec succès
2025-11-08 23:20:54 [TP15] [http-nio-8080-exec-7] INFO  m.e.t.service.DemoService - TP15 - Démarrage du traitement des données
2025-11-08 23:20:54 [TP15] [http-nio-8080-exec-7] INFO  m.e.t.service.DemoService - TP15 - Traitement terminé avec succès
2025-11-08 23:20:57 [TP15] [http-nio-8080-exec-8] INFO  m.e.t.service.DemoService - TP15 - Démarrage du traitement des données
2025-11-08 23:20:57 [TP15] [http-nio-8080-exec-8] INFO  m.e.t.service.DemoService - TP15 - Traitement terminé avec succès
2025-11-08 23:20:59 [TP15] [http-nio-8080-exec-9] INFO  m.e.t.service.DemoService - TP15 - Démarrage du traitement des données
2025-11-08 23:20:59 [TP15] [http-nio-8080-exec-9] INFO  m.e.t.service.DemoService - TP15 - Traitement terminé avec succès
2025-11-08 23:21:01 [TP15] [http-nio-8080-exec-2] INFO  m.e.t.service.DemoService - TP15 - Démarrage du traitement des données
2025-11-08 23:21:02 [TP15] [http-nio-8080-exec-2] INFO  m.e.t.service.DemoService - TP15 - Traitement terminé avec succès
2025-11-08 23:21:04 [TP15] [http-nio-8080-exec-5] INFO  m.e.t.service.DemoService - TP15 - Démarrage du traitement des données
2025-11-08 23:21:04 [TP15] [http-nio-8080-exec-5] INFO  m.e.t.service.DemoService - TP15 - Traitement terminé avec succès
2025-11-08 23:21:07 [TP15] [http-nio-8080-exec-10] INFO  m.e.t.service.DemoService - TP15 - Démarrage du traitement des données
2025-11-08 23:21:07 [TP15] [http-nio-8080-exec-10] INFO  m.e.t.service.DemoService - TP15 - Traitement terminé avec succès
2025-11-08 23:21:09 [TP15] [http-nio-8080-exec-4] INFO  m.e.t.service.DemoService - TP15 - Démarrage du traitement des données
2025-11-08 23:21:10 [TP15] [http-nio-8080-exec-4] INFO  m.e.t.service.DemoService - TP15 - Traitement terminé avec succès
2025-11-08 23:21:12 [TP15] [http-nio-8080-exec-3] INFO  m.e.t.service.DemoService - TP15 - Démarrage du traitement des données
2025-11-08 23:21:12 [TP15] [http-nio-8080-exec-3] INFO  m.e.t.service.DemoService - TP15 - Traitement terminé avec succès
2025-11-08 23:21:14 [TP15] [http-nio-8080-exec-8] INFO  m.e.t.service.DemoService - TP15 - Démarrage du traitement des données
2025-11-08 23:21:15 [TP15] [http-nio-8080-exec-8] INFO  m.e.t.service.DemoService - TP15 - Traitement terminé avec succès
2025-11-08 23:21:17 [TP15] [http-nio-8080-exec-6] INFO  m.e.t.service.DemoService - TP15 - Démarrage du traitement des données
2025-11-08 23:21:17 [TP15] [http-nio-8080-exec-6] INFO  m.e.t.service.DemoService - TP15 - Traitement terminé avec succès
2025-11-08 23:21:19 [TP15] [http-nio-8080-exec-1] INFO  m.e.t.service.DemoService - TP15 - Démarrage du traitement des données
2025-11-08 23:21:20 [TP15] [http-nio-8080-exec-1] INFO  m.e.t.service.DemoService - TP15 - Traitement terminé avec succès
2025-11-08 23:21:22 [TP15] [http-nio-8080-exec-7] INFO  m.e.t.service.DemoService - TP15 - Démarrage du traitement des données
2025-11-08 23:21:22 [TP15] [http-nio-8080-exec-7] INFO  m.e.t.service.DemoService - TP15 - Traitement terminé avec succès
2025-11-08 23:21:24 [TP15] [http-nio-8080-exec-10] INFO  m.e.t.service.DemoService - TP15 - Démarrage du traitement des données
2025-11-08 23:21:25 [TP15] [http-nio-8080-exec-10] INFO  m.e.t.service.DemoService - TP15 - Traitement terminé avec succès
2025-11-08 23:21:27 [TP15] [http-nio-8080-exec-9] INFO  m.e.t.service.DemoService - TP15 - Démarrage du traitement des données
2025-11-08 23:21:27 [TP15] [http-nio-8080-exec-9] INFO  m.e.t.service.DemoService - TP15 - Traitement terminé avec succès
2025-11-08 23:21:30 [TP15] [http-nio-8080-exec-2] INFO  m.e.t.service.DemoService - TP15 - Démarrage du traitement des données
2025-11-08 23:21:30 [TP15] [http-nio-8080-exec-2] INFO  m.e.t.service.DemoService - TP15 - Traitement terminé avec succès
2025-11-08 23:21:32 [TP15] [http-nio-8080-exec-5] INFO  m.e.t.service.DemoService - TP15 - Démarrage du traitement des données
2025-11-08 23:21:33 [TP15] [http-nio-8080-exec-5] INFO  m.e.t.service.DemoService - TP15 - Traitement terminé avec succès
2025-11-08 23:34:08 [TP15] [SpringApplicationShutdownHook] INFO  o.s.b.w.e.tomcat.GracefulShutdown - Commencing graceful shutdown. Waiting for active requests to complete
2025-11-08 23:34:08 [TP15] [tomcat-shutdown] INFO  o.s.b.w.e.tomcat.GracefulShutdown - Graceful shutdown complete
2025-11-08 23:34:16 [TP15] [main] INFO  m.e.t.Tp15MonitoringApplication - Starting Tp15MonitoringApplication using Java 21.0.7 with PID 5200 (C:\Users\user\Desktop\tp15-monitoring\target\classes started by user in C:\Users\user\Desktop\tp15-monitoring)
2025-11-08 23:34:16 [TP15] [main] DEBUG m.e.t.Tp15MonitoringApplication - Running with Spring Boot v3.5.7, Spring v6.2.12
2025-11-08 23:34:16 [TP15] [main] INFO  m.e.t.Tp15MonitoringApplication - No active profile set, falling back to 1 default profile: "default"
2025-11-08 23:34:18 [TP15] [main] INFO  o.s.b.w.e.tomcat.TomcatWebServer - Tomcat initialized with port 8080 (http)
2025-11-08 23:34:18 [TP15] [main] INFO  o.a.catalina.core.StandardService - Starting service [Tomcat]
2025-11-08 23:34:18 [TP15] [main] INFO  o.a.catalina.core.StandardEngine - Starting Servlet engine: [Apache Tomcat/10.1.48]
2025-11-08 23:34:18 [TP15] [main] INFO  o.a.c.c.C.[Tomcat].[localhost].[/] - Initializing Spring embedded WebApplicationContext
2025-11-08 23:34:18 [TP15] [main] INFO  o.s.b.w.s.c.ServletWebServerApplicationContext - Root WebApplicationContext: initialization completed in 2324 ms
2025-11-08 23:34:19 [TP15] [main] INFO  o.s.b.a.e.web.EndpointLinksResolver - Exposing 15 endpoints beneath base path '/actuator'
2025-11-08 23:34:19 [TP15] [main] INFO  o.s.b.w.e.tomcat.TomcatWebServer - Tomcat started on port 8080 (http) with context path '/'
2025-11-08 23:34:19 [TP15] [main] INFO  m.e.t.Tp15MonitoringApplication - Started Tp15MonitoringApplication in 4.38 seconds (process running for 5.993)
2025-11-08 23:34:20 [TP15] [RMI TCP Connection(3)-192.168.1.3] INFO  o.a.c.c.C.[Tomcat].[localhost].[/] - Initializing Spring DispatcherServlet 'dispatcherServlet'
2025-11-08 23:34:20 [TP15] [RMI TCP Connection(3)-192.168.1.3] INFO  o.s.web.servlet.DispatcherServlet - Initializing Servlet 'dispatcherServlet'
2025-11-08 23:34:20 [TP15] [RMI TCP Connection(3)-192.168.1.3] INFO  o.s.web.servlet.DispatcherServlet - Completed initialization in 2 ms
2025-11-08 23:34:29 [TP15] [http-nio-8080-exec-3] INFO  m.e.t.service.DemoService - TP15 - Démarrage du traitement des données
2025-11-08 23:34:30 [TP15] [http-nio-8080-exec-3] INFO  m.e.t.service.DemoService - TP15 - Traitement terminé avec succès
2025-11-08 23:57:12 [TP15] [http-nio-8080-exec-8] INFO  m.e.t.service.DemoService - TP15 - Démarrage du traitement des données
2025-11-08 23:57:13 [TP15] [http-nio-8080-exec-8] INFO  m.e.t.service.DemoService - TP15 - Traitement terminé avec succès
2025-11-08 23:57:15 [TP15] [http-nio-8080-exec-10] INFO  m.e.t.service.DemoService - TP15 - Démarrage du traitement des données
2025-11-08 23:57:15 [TP15] [http-nio-8080-exec-10] INFO  m.e.t.service.DemoService - TP15 - Traitement terminé avec succès
2025-11-08 23:57:17 [TP15] [http-nio-8080-exec-1] INFO  m.e.t.service.DemoService - TP15 - Démarrage du traitement des données
2025-11-08 23:57:18 [TP15] [http-nio-8080-exec-1] INFO  m.e.t.service.DemoService - TP15 - Traitement terminé avec succès
